# JRE version: OpenJDK Runtime Environment (11.0.12+7) (build 11.0.12+7-b1504.28-7817840)
# Java VM: OpenJDK 64-Bit Server VM (11.0.12+7-b1504.28-7817840, mixed mode, tiered, compressed oops, g1 gc, windows-amd64)
Heap:
 garbage-first heap   total 189440K, used 151370K [0x0000000080000000, 0x0000000100000000)
  region size 1024K, 21 young (21504K), 4 survivors (4096K)
 Metaspace       used 115154K, capacity 117753K, committed 118092K, reserved 1150976K
  class space    used 14815K, capacity 15825K, committed 15948K, reserved 1048576K
GC Heap History (20 events):
Event: 11.416 GC heap before
{Heap before GC invocations=23 (full 0):
 garbage-first heap   total 189440K, used 150414K [0x0000000080000000, 0x0000000100000000)
  region size 1024K, 44 young (45056K), 8 survivors (8192K)
 Metaspace       used 88866K, capacity 91154K, committed 91340K, reserved 1128448K
  class space    used 11660K, capacity 12471K, committed 12492K, reserved 1048576K
}
Event: 11.421 GC heap after
{Heap after GC invocations=24 (full 0):
 garbage-first heap   total 189440K, used 117281K [0x0000000080000000, 0x0000000100000000)
  region size 1024K, 3 young (3072K), 3 survivors (3072K)
 Metaspace       used 88866K, capacity 91154K, committed 91340K, reserved 1128448K
  class space    used 11660K, capacity 12471K, committed 12492K, reserved 1048576K
}
Event: 11.901 GC heap before
{Heap before GC invocations=25 (full 0):
 garbage-first heap   total 189440K, used 158241K [0x0000000080000000, 0x0000000100000000)
  region size 1024K, 42 young (43008K), 3 survivors (3072K)
 Metaspace       used 94932K, capacity 97328K, committed 97484K, reserved 1134592K
  class space    used 12386K, capacity 13236K, committed 13260K, reserved 1048576K
}
Event: 11.906 GC heap after
{Heap after GC invocations=26 (full 0):
 garbage-first heap   total 189440K, used 118330K [0x0000000080000000, 0x0000000100000000)
  region size 1024K, 4 young (4096K), 4 survivors (4096K)
 Metaspace       used 94932K, capacity 97328K, committed 97484K, reserved 1134592K
  class space    used 12386K, capacity 13236K, committed 13260K, reserved 1048576K
}
Event: 12.322 GC heap before
{Heap before GC invocations=26 (full 0):
 garbage-first heap   total 189440K, used 158266K [0x0000000080000000, 0x0000000100000000)
  region size 1024K, 43 young (44032K), 4 survivors (4096K)
 Metaspace       used 98656K, capacity 101091K, committed 101196K, reserved 1136640K
  class space    used 12911K, capacity 13801K, committed 13900K, reserved 1048576K
}
Event: 12.329 GC heap after
{Heap after GC invocations=27 (full 0):
 garbage-first heap   total 189440K, used 120999K [0x0000000080000000, 0x0000000100000000)
  region size 1024K, 5 young (5120K), 5 survivors (5120K)
 Metaspace       used 98656K, capacity 101091K, committed 101196K, reserved 1136640K
  class space    used 12911K, capacity 13801K, committed 13900K, reserved 1048576K
}
Event: 12.781 GC heap before
{Heap before GC invocations=28 (full 0):
 garbage-first heap   total 189440K, used 159911K [0x0000000080000000, 0x0000000100000000)
  region size 1024K, 43 young (44032K), 5 survivors (5120K)
 Metaspace       used 102821K, capacity 105267K, committed 105548K, reserved 1140736K
  class space    used 13411K, capacity 14356K, committed 14412K, reserved 1048576K
}
Event: 12.788 GC heap after
{Heap after GC invocations=29 (full 0):
 garbage-first heap   total 189440K, used 123956K [0x0000000080000000, 0x0000000100000000)
  region size 1024K, 6 young (6144K), 6 survivors (6144K)
 Metaspace       used 102821K, capacity 105267K, committed 105548K, reserved 1140736K
  class space    used 13411K, capacity 14356K, committed 14412K, reserved 1048576K
}
Event: 13.505 GC heap before
{Heap before GC invocations=29 (full 0):
 garbage-first heap   total 189440K, used 160820K [0x0000000080000000, 0x0000000100000000)
  region size 1024K, 42 young (43008K), 6 survivors (6144K)
 Metaspace       used 106549K, capacity 109107K, committed 109260K, reserved 1144832K
  class space    used 13841K, capacity 14792K, committed 14796K, reserved 1048576K
}
Event: 13.514 GC heap after
{Heap after GC invocations=30 (full 0):
 garbage-first heap   total 189440K, used 127189K [0x0000000080000000, 0x0000000100000000)
  region size 1024K, 6 young (6144K), 6 survivors (6144K)
 Metaspace       used 106549K, capacity 109107K, committed 109260K, reserved 1144832K
  class space    used 13841K, capacity 14792K, committed 14796K, reserved 1048576K
}
Event: 13.944 GC heap before
{Heap before GC invocations=31 (full 0):
 garbage-first heap   total 189440K, used 159957K [0x0000000080000000, 0x0000000100000000)
  region size 1024K, 39 young (39936K), 6 survivors (6144K)
 Metaspace       used 107569K, capacity 110103K, committed 110156K, reserved 1144832K
  class space    used 13957K, capacity 14898K, committed 14924K, reserved 1048576K
}
Event: 13.951 GC heap after
{Heap after GC invocations=32 (full 0):
 garbage-first heap   total 189440K, used 130208K [0x0000000080000000, 0x0000000100000000)
  region size 1024K, 3 young (3072K), 3 survivors (3072K)
 Metaspace       used 107569K, capacity 110103K, committed 110156K, reserved 1144832K
  class space    used 13957K, capacity 14898K, committed 14924K, reserved 1048576K
}
Event: 14.665 GC heap before
{Heap before GC invocations=32 (full 0):
 garbage-first heap   total 189440K, used 159904K [0x0000000080000000, 0x0000000100000000)
  region size 1024K, 33 young (33792K), 3 survivors (3072K)
 Metaspace       used 108464K, capacity 111066K, committed 111308K, reserved 1144832K
  class space    used 14010K, capacity 14966K, committed 15052K, reserved 1048576K
}
Event: 14.671 GC heap after
{Heap after GC invocations=33 (full 0):
 garbage-first heap   total 189440K, used 131886K [0x0000000080000000, 0x0000000100000000)
  region size 1024K, 5 young (5120K), 5 survivors (5120K)
 Metaspace       used 108464K, capacity 111066K, committed 111308K, reserved 1144832K
  class space    used 14010K, capacity 14966K, committed 15052K, reserved 1048576K
}
Event: 14.930 GC heap before
{Heap before GC invocations=34 (full 0):
 garbage-first heap   total 189440K, used 160558K [0x0000000080000000, 0x0000000100000000)
  region size 1024K, 34 young (34816K), 5 survivors (5120K)
 Metaspace       used 109835K, capacity 112482K, committed 112588K, reserved 1146880K
  class space    used 14188K, capacity 15202K, committed 15308K, reserved 1048576K
}
Event: 14.935 GC heap after
{Heap after GC invocations=35 (full 0):
 garbage-first heap   total 189440K, used 133340K [0x0000000080000000, 0x0000000100000000)
  region size 1024K, 4 young (4096K), 4 survivors (4096K)
 Metaspace       used 109835K, capacity 112482K, committed 112588K, reserved 1146880K
  class space    used 14188K, capacity 15202K, committed 15308K, reserved 1048576K
}
Event: 15.100 GC heap before
{Heap before GC invocations=35 (full 0):
 garbage-first heap   total 189440K, used 162012K [0x0000000080000000, 0x0000000100000000)
  region size 1024K, 32 young (32768K), 4 survivors (4096K)
 Metaspace       used 111956K, capacity 114596K, committed 114892K, reserved 1148928K
  class space    used 14465K, capacity 15458K, committed 15564K, reserved 1048576K
}
Event: 15.104 GC heap after
{Heap after GC invocations=36 (full 0):
 garbage-first heap   total 189440K, used 133785K [0x0000000080000000, 0x0000000100000000)
  region size 1024K, 3 young (3072K), 3 survivors (3072K)
 Metaspace       used 111956K, capacity 114596K, committed 114892K, reserved 1148928K
  class space    used 14465K, capacity 15458K, committed 15564K, reserved 1048576K
}
Event: 15.319 GC heap before
{Heap before GC invocations=37 (full 0):
 garbage-first heap   total 189440K, used 162457K [0x0000000080000000, 0x0000000100000000)
  region size 1024K, 31 young (31744K), 3 survivors (3072K)
 Metaspace       used 113931K, capacity 116548K, committed 116940K, reserved 1150976K
  class space    used 14692K, capacity 15682K, committed 15820K, reserved 1048576K
}
Event: 15.322 GC heap after
{Heap after GC invocations=38 (full 0):
 garbage-first heap   total 189440K, used 134986K [0x0000000080000000, 0x0000000100000000)
  region size 1024K, 4 young (4096K), 4 survivors (4096K)
 Metaspace       used 113931K, capacity 116548K, committed 116940K, reserved 1150976K
  class space    used 14692K, capacity 15682K, committed 15820K, reserved 1048576K
}

