# JRE version: OpenJDK Runtime Environment (11.0.12+7) (build 11.0.12+7-b1504.28-7817840)
# Java VM: OpenJDK 64-Bit Server VM (11.0.12+7-b1504.28-7817840, mixed mode, tiered, compressed oops, g1 gc, windows-amd64)
Heap:
 garbage-first heap   total 273408K, used 133012K [0x0000000080000000, 0x0000000100000000)
  region size 1024K, 15 young (15360K), 7 survivors (7168K)
 Metaspace       used 101395K, capacity 103806K, committed 104012K, reserved 1138688K
  class space    used 13004K, capacity 13900K, committed 13976K, reserved 1048576K
GC Heap History (20 events):
Event: 4.871 GC heap before
{Heap before GC invocations=13 (full 0):
 garbage-first heap   total 189440K, used 93349K [0x0000000080000000, 0x0000000100000000)
  region size 1024K, 29 young (29696K), 11 survivors (11264K)
 Metaspace       used 58488K, capacity 60206K, committed 60288K, reserved 1101824K
  class space    used 7517K, capacity 8113K, committed 8140K, reserved 1048576K
}
Event: 4.882 GC heap after
{Heap after GC invocations=14 (full 0):
 garbage-first heap   total 189440K, used 78085K [0x0000000080000000, 0x0000000100000000)
  region size 1024K, 2 young (2048K), 2 survivors (2048K)
 Metaspace       used 58488K, capacity 60206K, committed 60288K, reserved 1101824K
  class space    used 7517K, capacity 8113K, committed 8140K, reserved 1048576K
}
Event: 5.327 GC heap before
{Heap before GC invocations=15 (full 0):
 garbage-first heap   total 189440K, used 124165K [0x0000000080000000, 0x0000000100000000)
  region size 1024K, 48 young (49152K), 2 survivors (2048K)
 Metaspace       used 64287K, capacity 66156K, committed 66252K, reserved 1105920K
  class space    used 8247K, capacity 8900K, committed 8984K, reserved 1048576K
}
Event: 5.333 GC heap after
{Heap after GC invocations=16 (full 0):
 garbage-first heap   total 227328K, used 80686K [0x0000000080000000, 0x0000000100000000)
  region size 1024K, 5 young (5120K), 5 survivors (5120K)
 Metaspace       used 64287K, capacity 66156K, committed 66252K, reserved 1105920K
  class space    used 8247K, capacity 8900K, committed 8984K, reserved 1048576K
}
Event: 5.933 GC heap before
{Heap before GC invocations=17 (full 0):
 garbage-first heap   total 227328K, used 147246K [0x0000000080000000, 0x0000000100000000)
  region size 1024K, 69 young (70656K), 5 survivors (5120K)
 Metaspace       used 69838K, capacity 71725K, committed 71884K, reserved 1112064K
  class space    used 8940K, capacity 9615K, committed 9752K, reserved 1048576K
}
Event: 5.939 GC heap after
{Heap after GC invocations=18 (full 0):
 garbage-first heap   total 227328K, used 84183K [0x0000000080000000, 0x0000000100000000)
  region size 1024K, 8 young (8192K), 8 survivors (8192K)
 Metaspace       used 69838K, capacity 71725K, committed 71884K, reserved 1112064K
  class space    used 8940K, capacity 9615K, committed 9752K, reserved 1048576K
}
Event: 6.343 GC heap before
{Heap before GC invocations=18 (full 0):
 garbage-first heap   total 227328K, used 153815K [0x0000000080000000, 0x0000000100000000)
  region size 1024K, 76 young (77824K), 8 survivors (8192K)
 Metaspace       used 72129K, capacity 73990K, committed 74188K, reserved 1114112K
  class space    used 9246K, capacity 9918K, committed 10008K, reserved 1048576K
}
Event: 6.356 GC heap after
{Heap after GC invocations=19 (full 0):
 garbage-first heap   total 227328K, used 89687K [0x0000000080000000, 0x0000000100000000)
  region size 1024K, 9 young (9216K), 9 survivors (9216K)
 Metaspace       used 72129K, capacity 73990K, committed 74188K, reserved 1114112K
  class space    used 9246K, capacity 9918K, committed 10008K, reserved 1048576K
}
Event: 7.349 GC heap before
{Heap before GC invocations=19 (full 0):
 garbage-first heap   total 227328K, used 170583K [0x0000000080000000, 0x0000000100000000)
  region size 1024K, 79 young (80896K), 9 survivors (9216K)
 Metaspace       used 79268K, capacity 81294K, committed 81484K, reserved 1120256K
  class space    used 10375K, capacity 11076K, committed 11160K, reserved 1048576K
}
Event: 7.359 GC heap after
{Heap after GC invocations=20 (full 0):
 garbage-first heap   total 227328K, used 106282K [0x0000000080000000, 0x0000000100000000)
  region size 1024K, 10 young (10240K), 10 survivors (10240K)
 Metaspace       used 79268K, capacity 81294K, committed 81484K, reserved 1120256K
  class space    used 10375K, capacity 11076K, committed 11160K, reserved 1048576K
}
Event: 8.020 GC heap before
{Heap before GC invocations=20 (full 0):
 garbage-first heap   total 227328K, used 170794K [0x0000000080000000, 0x0000000100000000)
  region size 1024K, 73 young (74752K), 10 survivors (10240K)
 Metaspace       used 84853K, capacity 87003K, committed 87244K, reserved 1124352K
  class space    used 11002K, capacity 11773K, committed 11800K, reserved 1048576K
}
Event: 8.029 GC heap after
{Heap after GC invocations=21 (full 0):
 garbage-first heap   total 227328K, used 109697K [0x0000000080000000, 0x0000000100000000)
  region size 1024K, 4 young (4096K), 4 survivors (4096K)
 Metaspace       used 84853K, capacity 87003K, committed 87244K, reserved 1124352K
  class space    used 11002K, capacity 11773K, committed 11800K, reserved 1048576K
}
Event: 8.751 GC heap before
{Heap before GC invocations=21 (full 0):
 garbage-first heap   total 227328K, used 174209K [0x0000000080000000, 0x0000000100000000)
  region size 1024K, 67 young (68608K), 4 survivors (4096K)
 Metaspace       used 91813K, capacity 94141K, committed 94412K, reserved 1130496K
  class space    used 11968K, capacity 12789K, committed 12824K, reserved 1048576K
}
Event: 8.759 GC heap after
{Heap after GC invocations=22 (full 0):
 garbage-first heap   total 227328K, used 113405K [0x0000000080000000, 0x0000000100000000)
  region size 1024K, 7 young (7168K), 7 survivors (7168K)
 Metaspace       used 91813K, capacity 94141K, committed 94412K, reserved 1130496K
  class space    used 11968K, capacity 12789K, committed 12824K, reserved 1048576K
}
Event: 9.297 GC heap before
{Heap before GC invocations=23 (full 0):
 garbage-first heap   total 227328K, used 177917K [0x0000000080000000, 0x0000000100000000)
  region size 1024K, 71 young (72704K), 7 survivors (7168K)
 Metaspace       used 94378K, capacity 96781K, committed 96972K, reserved 1132544K
  class space    used 12179K, capacity 13047K, committed 13080K, reserved 1048576K
}
Event: 9.307 GC heap after
{Heap after GC invocations=24 (full 0):
 garbage-first heap   total 227328K, used 118784K [0x0000000080000000, 0x0000000100000000)
  region size 1024K, 9 young (9216K), 9 survivors (9216K)
 Metaspace       used 94378K, capacity 96781K, committed 96972K, reserved 1132544K
  class space    used 12179K, capacity 13047K, committed 13080K, reserved 1048576K
}
Event: 9.710 GC heap before
{Heap before GC invocations=24 (full 0):
 garbage-first heap   total 227328K, used 181248K [0x0000000080000000, 0x0000000100000000)
  region size 1024K, 71 young (72704K), 9 survivors (9216K)
 Metaspace       used 96760K, capacity 99173K, committed 99404K, reserved 1134592K
  class space    used 12463K, capacity 13339K, committed 13464K, reserved 1048576K
}
Event: 9.724 GC heap after
{Heap after GC invocations=25 (full 0):
 garbage-first heap   total 227328K, used 123155K [0x0000000080000000, 0x0000000100000000)
  region size 1024K, 5 young (5120K), 5 survivors (5120K)
 Metaspace       used 96760K, capacity 99173K, committed 99404K, reserved 1134592K
  class space    used 12463K, capacity 13339K, committed 13464K, reserved 1048576K
}
Event: 10.211 GC heap before
{Heap before GC invocations=26 (full 0):
 garbage-first heap   total 227328K, used 184595K [0x0000000080000000, 0x0000000100000000)
  region size 1024K, 65 young (66560K), 5 survivors (5120K)
 Metaspace       used 101159K, capacity 103606K, committed 103756K, reserved 1138688K
  class space    used 12973K, capacity 13835K, committed 13976K, reserved 1048576K
}
Event: 10.219 GC heap after
{Heap after GC invocations=27 (full 0):
 garbage-first heap   total 273408K, used 125844K [0x0000000080000000, 0x0000000100000000)
  region size 1024K, 7 young (7168K), 7 survivors (7168K)
 Metaspace       used 101159K, capacity 103606K, committed 103756K, reserved 1138688K
  class space    used 12973K, capacity 13835K, committed 13976K, reserved 1048576K
}

