# JRE version: OpenJDK Runtime Environment (11.0.12+7) (build 11.0.12+7-b1504.28-7817840)
# Java VM: OpenJDK 64-Bit Server VM (11.0.12+7-b1504.28-7817840, mixed mode, tiered, compressed oops, g1 gc, windows-amd64)
Heap:
 garbage-first heap   total 227328K, used 158364K [0x0000000080000000, 0x0000000100000000)
  region size 1024K, 33 young (33792K), 9 survivors (9216K)
 Metaspace       used 114933K, capacity 117815K, committed 118008K, reserved 1150976K
  class space    used 14781K, capacity 15825K, committed 15896K, reserved 1048576K
GC Heap History (20 events):
Event: 6.596 GC heap before
{Heap before GC invocations=14 (full 0):
 garbage-first heap   total 189440K, used 150029K [0x0000000080000000, 0x0000000100000000)
  region size 1024K, 83 young (84992K), 12 survivors (12288K)
 Metaspace       used 68106K, capacity 70027K, committed 70220K, reserved 1110016K
  class space    used 8793K, capacity 9445K, committed 9548K, reserved 1048576K
}
Event: 6.609 GC heap after
{Heap after GC invocations=15 (full 0):
 garbage-first heap   total 189440K, used 85477K [0x0000000080000000, 0x0000000100000000)
  region size 1024K, 7 young (7168K), 7 survivors (7168K)
 Metaspace       used 68106K, capacity 70027K, committed 70220K, reserved 1110016K
  class space    used 8793K, capacity 9445K, committed 9548K, reserved 1048576K
}
Event: 7.225 GC heap before
{Heap before GC invocations=15 (full 0):
 garbage-first heap   total 189440K, used 152037K [0x0000000080000000, 0x0000000100000000)
  region size 1024K, 72 young (73728K), 7 survivors (7168K)
 Metaspace       used 74055K, capacity 76008K, committed 76108K, reserved 1116160K
  class space    used 9552K, capacity 10233K, committed 10316K, reserved 1048576K
}
Event: 7.233 GC heap after
{Heap after GC invocations=16 (full 0):
 garbage-first heap   total 227328K, used 87717K [0x0000000080000000, 0x0000000100000000)
  region size 1024K, 4 young (4096K), 4 survivors (4096K)
 Metaspace       used 74055K, capacity 76008K, committed 76108K, reserved 1116160K
  class space    used 9552K, capacity 10233K, committed 10316K, reserved 1048576K
}
Event: 7.849 GC heap before
{Heap before GC invocations=16 (full 0):
 garbage-first heap   total 227328K, used 172709K [0x0000000080000000, 0x0000000100000000)
  region size 1024K, 87 young (89088K), 4 survivors (4096K)
 Metaspace       used 77378K, capacity 79443K, committed 79564K, reserved 1118208K
  class space    used 9948K, capacity 10670K, committed 10700K, reserved 1048576K
}
Event: 7.858 GC heap after
{Heap after GC invocations=17 (full 0):
 garbage-first heap   total 227328K, used 93321K [0x0000000080000000, 0x0000000100000000)
  region size 1024K, 10 young (10240K), 10 survivors (10240K)
 Metaspace       used 77378K, capacity 79443K, committed 79564K, reserved 1118208K
  class space    used 9948K, capacity 10670K, committed 10700K, reserved 1048576K
}
Event: 8.731 GC heap before
{Heap before GC invocations=17 (full 0):
 garbage-first heap   total 227328K, used 186505K [0x0000000080000000, 0x0000000100000000)
  region size 1024K, 92 young (94208K), 10 survivors (10240K)
 Metaspace       used 84847K, capacity 87056K, committed 87244K, reserved 1124352K
  class space    used 11119K, capacity 11905K, committed 11980K, reserved 1048576K
}
Event: 8.743 GC heap after
{Heap after GC invocations=18 (full 0):
 garbage-first heap   total 227328K, used 112096K [0x0000000080000000, 0x0000000100000000)
  region size 1024K, 12 young (12288K), 12 survivors (12288K)
 Metaspace       used 84847K, capacity 87056K, committed 87244K, reserved 1124352K
  class space    used 11119K, capacity 11905K, committed 11980K, reserved 1048576K
}
Event: 9.363 GC heap before
{Heap before GC invocations=18 (full 0):
 garbage-first heap   total 227328K, used 184800K [0x0000000080000000, 0x0000000100000000)
  region size 1024K, 83 young (84992K), 12 survivors (12288K)
 Metaspace       used 92922K, capacity 95327K, committed 95436K, reserved 1132544K
  class space    used 12112K, capacity 12976K, committed 13004K, reserved 1048576K
}
Event: 9.373 GC heap after
{Heap after GC invocations=19 (full 0):
 garbage-first heap   total 227328K, used 116186K [0x0000000080000000, 0x0000000100000000)
  region size 1024K, 4 young (4096K), 4 survivors (4096K)
 Metaspace       used 92922K, capacity 95327K, committed 95436K, reserved 1132544K
  class space    used 12112K, capacity 12976K, committed 13004K, reserved 1048576K
}
Event: 9.935 GC heap before
{Heap before GC invocations=19 (full 0):
 garbage-first heap   total 227328K, used 172506K [0x0000000080000000, 0x0000000100000000)
  region size 1024K, 60 young (61440K), 4 survivors (4096K)
 Metaspace       used 98422K, capacity 100925K, committed 101036K, reserved 1136640K
  class space    used 12817K, capacity 13745K, committed 13772K, reserved 1048576K
}
Event: 9.944 GC heap after
{Heap after GC invocations=20 (full 0):
 garbage-first heap   total 227328K, used 118958K [0x0000000080000000, 0x0000000100000000)
  region size 1024K, 7 young (7168K), 7 survivors (7168K)
 Metaspace       used 98422K, capacity 100925K, committed 101036K, reserved 1136640K
  class space    used 12817K, capacity 13745K, committed 13772K, reserved 1048576K
}
Event: 10.583 GC heap before
{Heap before GC invocations=21 (full 0):
 garbage-first heap   total 227328K, used 184494K [0x0000000080000000, 0x0000000100000000)
  region size 1024K, 72 young (73728K), 7 survivors (7168K)
 Metaspace       used 99935K, capacity 102427K, committed 102648K, reserved 1138688K
  class space    used 12909K, capacity 13814K, committed 13848K, reserved 1048576K
}
Event: 10.597 GC heap after
{Heap after GC invocations=22 (full 0):
 garbage-first heap   total 227328K, used 124724K [0x0000000080000000, 0x0000000100000000)
  region size 1024K, 9 young (9216K), 9 survivors (9216K)
 Metaspace       used 99935K, capacity 102427K, committed 102648K, reserved 1138688K
  class space    used 12909K, capacity 13814K, committed 13848K, reserved 1048576K
}
Event: 11.073 GC heap before
{Heap before GC invocations=23 (full 0):
 garbage-first heap   total 227328K, used 187188K [0x0000000080000000, 0x0000000100000000)
  region size 1024K, 71 young (72704K), 9 survivors (9216K)
 Metaspace       used 102941K, capacity 105479K, committed 105592K, reserved 1140736K
  class space    used 13283K, capacity 14200K, committed 14232K, reserved 1048576K
}
Event: 11.083 GC heap after
{Heap after GC invocations=24 (full 0):
 garbage-first heap   total 227328K, used 127852K [0x0000000080000000, 0x0000000100000000)
  region size 1024K, 4 young (4096K), 4 survivors (4096K)
 Metaspace       used 102941K, capacity 105479K, committed 105592K, reserved 1140736K
  class space    used 13283K, capacity 14200K, committed 14232K, reserved 1048576K
}
Event: 11.567 GC heap before
{Heap before GC invocations=24 (full 0):
 garbage-first heap   total 227328K, used 189292K [0x0000000080000000, 0x0000000100000000)
  region size 1024K, 64 young (65536K), 4 survivors (4096K)
 Metaspace       used 107069K, capacity 109711K, committed 110072K, reserved 1144832K
  class space    used 13770K, capacity 14734K, committed 14872K, reserved 1048576K
}
Event: 11.575 GC heap after
{Heap after GC invocations=25 (full 0):
 garbage-first heap   total 227328K, used 130909K [0x0000000080000000, 0x0000000100000000)
  region size 1024K, 7 young (7168K), 7 survivors (7168K)
 Metaspace       used 107069K, capacity 109711K, committed 110072K, reserved 1144832K
  class space    used 13770K, capacity 14734K, committed 14872K, reserved 1048576K
}
Event: 19.934 GC heap before
{Heap before GC invocations=26 (full 0):
 garbage-first heap   total 227328K, used 190301K [0x0000000080000000, 0x0000000100000000)
  region size 1024K, 65 young (66560K), 7 survivors (7168K)
 Metaspace       used 112916K, capacity 115537K, committed 115576K, reserved 1148928K
  class space    used 14522K, capacity 15485K, committed 15512K, reserved 1048576K
}
Event: 19.944 GC heap after
{Heap after GC invocations=27 (full 0):
 garbage-first heap   total 227328K, used 135836K [0x0000000080000000, 0x0000000100000000)
  region size 1024K, 9 young (9216K), 9 survivors (9216K)
 Metaspace       used 112916K, capacity 115537K, committed 115576K, reserved 1148928K
  class space    used 14522K, capacity 15485K, committed 15512K, reserved 1048576K
}

